  [1m[35m (593.3ms)[0m  [1m[35mCREATE DATABASE "TaskList_development" ENCODING = 'unicode'[0m
  ↳ bin/rails:9
  [1m[35m (461.9ms)[0m  [1m[35mCREATE DATABASE "TaskList_test" ENCODING = 'unicode'[0m
  ↳ bin/rails:9
Started GET "/" for 127.0.0.1 at 2018-09-17 14:14:06 -0700
Processing by Rails::WelcomeController#index as HTML
  Rendering /Users/addybaddy/.rvm/gems/ruby-2.5.1/gems/railties-5.2.1/lib/rails/templates/rails/welcome/index.html.erb
  Rendered /Users/addybaddy/.rvm/gems/ruby-2.5.1/gems/railties-5.2.1/lib/rails/templates/rails/welcome/index.html.erb (3.2ms)
Completed 200 OK in 22ms (Views: 10.7ms | ActiveRecord: 0.0ms)


Started GET "/" for 127.0.0.1 at 2018-09-17 14:23:01 -0700
Processing by Rails::WelcomeController#index as HTML
  Rendering /Users/addybaddy/.rvm/gems/ruby-2.5.1/gems/railties-5.2.1/lib/rails/templates/rails/welcome/index.html.erb
  Rendered /Users/addybaddy/.rvm/gems/ruby-2.5.1/gems/railties-5.2.1/lib/rails/templates/rails/welcome/index.html.erb (2.7ms)
Completed 200 OK in 8ms (Views: 5.1ms | ActiveRecord: 0.0ms)


Started GET "/" for 127.0.0.1 at 2018-09-17 14:23:32 -0700
Processing by Rails::WelcomeController#index as HTML
  Rendering /Users/addybaddy/.rvm/gems/ruby-2.5.1/gems/railties-5.2.1/lib/rails/templates/rails/welcome/index.html.erb
  Rendered /Users/addybaddy/.rvm/gems/ruby-2.5.1/gems/railties-5.2.1/lib/rails/templates/rails/welcome/index.html.erb (2.1ms)
Completed 200 OK in 7ms (Views: 4.4ms | ActiveRecord: 0.0ms)


Started GET "/" for 127.0.0.1 at 2018-09-17 14:24:24 -0700
Processing by Rails::WelcomeController#index as HTML
  Rendering /Users/addybaddy/.rvm/gems/ruby-2.5.1/gems/railties-5.2.1/lib/rails/templates/rails/welcome/index.html.erb
  Rendered /Users/addybaddy/.rvm/gems/ruby-2.5.1/gems/railties-5.2.1/lib/rails/templates/rails/welcome/index.html.erb (1.7ms)
Completed 200 OK in 7ms (Views: 3.8ms | ActiveRecord: 0.0ms)


Started GET "/" for 127.0.0.1 at 2018-09-17 14:25:24 -0700
Processing by Rails::WelcomeController#index as HTML
  Rendering /Users/addybaddy/.rvm/gems/ruby-2.5.1/gems/railties-5.2.1/lib/rails/templates/rails/welcome/index.html.erb
  Rendered /Users/addybaddy/.rvm/gems/ruby-2.5.1/gems/railties-5.2.1/lib/rails/templates/rails/welcome/index.html.erb (2.3ms)
Completed 200 OK in 15ms (Views: 5.6ms | ActiveRecord: 0.0ms)


Started GET "/" for 127.0.0.1 at 2018-09-17 14:26:16 -0700
Processing by Rails::WelcomeController#index as HTML
  Rendering /Users/addybaddy/.rvm/gems/ruby-2.5.1/gems/railties-5.2.1/lib/rails/templates/rails/welcome/index.html.erb
  Rendered /Users/addybaddy/.rvm/gems/ruby-2.5.1/gems/railties-5.2.1/lib/rails/templates/rails/welcome/index.html.erb (1.7ms)
Completed 200 OK in 7ms (Views: 4.1ms | ActiveRecord: 0.0ms)


Started GET "/" for 127.0.0.1 at 2018-09-17 14:29:23 -0700
Processing by Rails::WelcomeController#index as HTML
  Rendering /Users/addybaddy/.rvm/gems/ruby-2.5.1/gems/railties-5.2.1/lib/rails/templates/rails/welcome/index.html.erb
  Rendered /Users/addybaddy/.rvm/gems/ruby-2.5.1/gems/railties-5.2.1/lib/rails/templates/rails/welcome/index.html.erb (2.3ms)
Completed 200 OK in 7ms (Views: 4.5ms | ActiveRecord: 0.0ms)


Started GET "/tasks" for 127.0.0.1 at 2018-09-17 14:30:14 -0700
Processing by TasksController#index as HTML
  Rendering tasks/index.html.erb within layouts/application
  Rendered tasks/index.html.erb within layouts/application (0.6ms)
Completed 200 OK in 243ms (Views: 240.7ms | ActiveRecord: 0.0ms)


Started GET "/tasks" for 127.0.0.1 at 2018-09-17 14:50:16 -0700
Processing by TasksController#index as HTML
  Rendering tasks/index.html.erb within layouts/application
  Rendered tasks/index.html.erb within layouts/application (0.4ms)
Completed 200 OK in 19ms (Views: 16.8ms | ActiveRecord: 0.0ms)


Started GET "/tasks" for 127.0.0.1 at 2018-09-17 14:51:04 -0700
Processing by TasksController#index as HTML
  Rendering tasks/index.html.erb within layouts/application
  Rendered tasks/index.html.erb within layouts/application (0.3ms)
Completed 200 OK in 30ms (Views: 28.7ms | ActiveRecord: 0.0ms)


Started GET "/tasks/1" for 127.0.0.1 at 2018-09-17 16:17:28 -0700
Processing by TasksController#show as HTML
  Parameters: {"id"=>"1"}
Completed 500 Internal Server Error in 164ms (ActiveRecord: 0.0ms)



NameError - undefined local variable or method `task' for #<TasksController:0x00007fc72d21bf78>
Did you mean?  task_id:
  app/controllers/tasks_controller.rb:8:in `show'

Started POST "/__better_errors/e231be72cca95f89/variables" for 127.0.0.1 at 2018-09-17 16:17:28 -0700
Started GET "/tasks/1" for 127.0.0.1 at 2018-09-17 16:18:01 -0700
Processing by TasksController#show as HTML
  Parameters: {"id"=>"1"}
Completed 500 Internal Server Error in 1ms (ActiveRecord: 0.0ms)



NoMethodError - undefined method `to_i' for :id:Symbol
Did you mean?  to_s:
  app/controllers/tasks_controller.rb:8:in `show'

Started POST "/__better_errors/3b90244156ed5618/variables" for 127.0.0.1 at 2018-09-17 16:18:01 -0700
Started GET "/tasks/1" for 127.0.0.1 at 2018-09-17 16:18:15 -0700
Processing by TasksController#show as HTML
  Parameters: {"id"=>"1"}
Completed 500 Internal Server Error in 193ms (ActiveRecord: 0.0ms)



NameError - undefined local variable or method `id' for #<TasksController:0x00007fc72c54dbc0>:
  app/controllers/tasks_controller.rb:8:in `show'

Started POST "/__better_errors/f0514c79603c697a/variables" for 127.0.0.1 at 2018-09-17 16:18:15 -0700
Started GET "/tasks/1" for 127.0.0.1 at 2018-09-17 16:18:32 -0700
Processing by TasksController#show as HTML
  Parameters: {"id"=>"1"}
Completed 500 Internal Server Error in 147ms (ActiveRecord: 0.0ms)



NameError - undefined local variable or method `id' for #<TasksController:0x00007fc731cf7510>:
  app/controllers/tasks_controller.rb:8:in `show'

Started POST "/__better_errors/beefbd14dcce4008/variables" for 127.0.0.1 at 2018-09-17 16:18:33 -0700
Started GET "/tasks/1" for 127.0.0.1 at 2018-09-17 16:19:33 -0700
Processing by TasksController#show as HTML
  Parameters: {"id"=>"1"}
Completed 404 Not Found in 0ms (ActiveRecord: 0.0ms)


Started GET "/tasks/1" for 127.0.0.1 at 2018-09-17 16:19:52 -0700
Processing by TasksController#show as HTML
  Parameters: {"id"=>"1"}
Completed 404 Not Found in 0ms (ActiveRecord: 0.0ms)


